{"/home/jkadhuwa/Projects/Uninet/uninet-project-tracker-backend/src/index.js": {"path":"/home/jkadhuwa/Projects/Uninet/uninet-project-tracker-backend/src/index.js","statementMap":{"0":{"start":{"line":9,"column":0},"end":{"line":9,"column":9}},"1":{"start":{"line":11,"column":12},"end":{"line":11,"column":21}},"2":{"start":{"line":12,"column":0},"end":{"line":12,"column":27}},"3":{"start":{"line":14,"column":13},"end":{"line":14,"column":37}},"4":{"start":{"line":16,"column":0},"end":{"line":21,"column":3}},"5":{"start":{"line":17,"column":2},"end":{"line":17,"column":38}},"6":{"start":{"line":18,"column":2},"end":{"line":20,"column":5}},"7":{"start":{"line":19,"column":4},"end":{"line":19,"column":48}}},"fnMap":{"0":{"name":"(anonymous_0)","decl":{"start":{"line":16,"column":25},"end":{"line":16,"column":26}},"loc":{"start":{"line":16,"column":31},"end":{"line":21,"column":1}},"line":16},"1":{"name":"(anonymous_1)","decl":{"start":{"line":18,"column":19},"end":{"line":18,"column":20}},"loc":{"start":{"line":18,"column":25},"end":{"line":20,"column":3}},"line":18}},"branchMap":{"0":{"loc":{"start":{"line":14,"column":13},"end":{"line":14,"column":37}},"type":"binary-expr","locations":[{"start":{"line":14,"column":13},"end":{"line":14,"column":29}},{"start":{"line":14,"column":33},"end":{"line":14,"column":37}}],"line":14}},"s":{"0":1,"1":1,"2":1,"3":1,"4":1,"5":0,"6":0,"7":0},"f":{"0":0,"1":0},"b":{"0":[1,0]},"_coverageSchema":"1a1c01bbd47fc00a2c39e90264f33305004495a9","hash":"7d014f6f0e25cb6b5a04b239bd0d94a80b9a5abb"}
,"/home/jkadhuwa/Projects/Uninet/uninet-project-tracker-backend/src/config/config.js": {"path":"/home/jkadhuwa/Projects/Uninet/uninet-project-tracker-backend/src/config/config.js","statementMap":{"0":{"start":{"line":4,"column":0},"end":{"line":4,"column":9}},"1":{"start":{"line":9,"column":4},"end":{"line":9,"column":15}},"2":{"start":{"line":10,"column":0},"end":{"line":37,"column":2}}},"fnMap":{},"branchMap":{},"s":{"0":1,"1":1,"2":1},"f":{},"b":{},"_coverageSchema":"1a1c01bbd47fc00a2c39e90264f33305004495a9","hash":"46e0425cd2bc6b3e4692d4c499bd54868e56aed7"}
,"/home/jkadhuwa/Projects/Uninet/uninet-project-tracker-backend/src/config/logging.js": {"path":"/home/jkadhuwa/Projects/Uninet/uninet-project-tracker-backend/src/config/logging.js","statementMap":{"0":{"start":{"line":3,"column":23},"end":{"line":16,"column":1}},"1":{"start":{"line":18,"column":15},"end":{"line":41,"column":1}},"2":{"start":{"line":19,"column":2},"end":{"line":19,"column":43}},"3":{"start":{"line":20,"column":2},"end":{"line":31,"column":5}},"4":{"start":{"line":33,"column":2},"end":{"line":40,"column":3}},"5":{"start":{"line":34,"column":4},"end":{"line":39,"column":8}}},"fnMap":{"0":{"name":"(anonymous_0)","decl":{"start":{"line":18,"column":15},"end":{"line":18,"column":16}},"loc":{"start":{"line":18,"column":21},"end":{"line":41,"column":1}},"line":18}},"branchMap":{"0":{"loc":{"start":{"line":33,"column":2},"end":{"line":40,"column":3}},"type":"if","locations":[{"start":{"line":33,"column":2},"end":{"line":40,"column":3}},{"start":{"line":33,"column":2},"end":{"line":40,"column":3}}],"line":33}},"s":{"0":1,"1":1,"2":1,"3":1,"4":1,"5":1},"f":{"0":1},"b":{"0":[1,0]},"_coverageSchema":"1a1c01bbd47fc00a2c39e90264f33305004495a9","hash":"7af55beb8059b135269e93a26d70a38f8466868f"}
,"/home/jkadhuwa/Projects/Uninet/uninet-project-tracker-backend/src/routes/index.js": {"path":"/home/jkadhuwa/Projects/Uninet/uninet-project-tracker-backend/src/routes/index.js","statementMap":{"0":{"start":{"line":4,"column":15},"end":{"line":4,"column":24}},"1":{"start":{"line":7,"column":0},"end":{"line":9,"column":4}},"2":{"start":{"line":7,"column":30},"end":{"line":9,"column":2}},"3":{"start":{"line":10,"column":0},"end":{"line":10,"column":33}}},"fnMap":{"0":{"name":"(anonymous_0)","decl":{"start":{"line":7,"column":16},"end":{"line":7,"column":17}},"loc":{"start":{"line":7,"column":30},"end":{"line":9,"column":2}},"line":7}},"branchMap":{},"s":{"0":1,"1":1,"2":1,"3":1},"f":{"0":1},"b":{},"_coverageSchema":"1a1c01bbd47fc00a2c39e90264f33305004495a9","hash":"9687978af9989329e44f4e886949f69714d4dd3a"}
,"/home/jkadhuwa/Projects/Uninet/uninet-project-tracker-backend/src/routes/userRouter.js": {"path":"/home/jkadhuwa/Projects/Uninet/uninet-project-tracker-backend/src/routes/userRouter.js","statementMap":{"0":{"start":{"line":3,"column":19},"end":{"line":3,"column":35}}},"fnMap":{},"branchMap":{},"s":{"0":1},"f":{},"b":{},"_coverageSchema":"1a1c01bbd47fc00a2c39e90264f33305004495a9","hash":"5f4f9f924ed89325caa3be09f1fb599a627ded4a"}
,"/home/jkadhuwa/Projects/Uninet/uninet-project-tracker-backend/src/sequelize/models/index.js": {"path":"/home/jkadhuwa/Projects/Uninet/uninet-project-tracker-backend/src/sequelize/models/index.js","statementMap":{"0":{"start":{"line":6,"column":17},"end":{"line":6,"column":42}},"1":{"start":{"line":7,"column":12},"end":{"line":7,"column":71}},"2":{"start":{"line":9,"column":15},"end":{"line":9,"column":30}},"3":{"start":{"line":11,"column":11},"end":{"line":11,"column":13}},"4":{"start":{"line":14,"column":0},"end":{"line":36,"column":1}},"5":{"start":{"line":15,"column":2},"end":{"line":17,"column":4}},"6":{"start":{"line":18,"column":2},"end":{"line":31,"column":4}},"7":{"start":{"line":33,"column":2},"end":{"line":35,"column":4}},"8":{"start":{"line":38,"column":0},"end":{"line":45,"column":5}},"9":{"start":{"line":40,"column":20},"end":{"line":41,"column":63}},"10":{"start":{"line":43,"column":18},"end":{"line":43,"column":62}},"11":{"start":{"line":44,"column":4},"end":{"line":44,"column":27}},"12":{"start":{"line":47,"column":0},"end":{"line":51,"column":3}},"13":{"start":{"line":48,"column":2},"end":{"line":50,"column":3}},"14":{"start":{"line":49,"column":4},"end":{"line":49,"column":32}},"15":{"start":{"line":53,"column":0},"end":{"line":53,"column":25}},"16":{"start":{"line":54,"column":0},"end":{"line":54,"column":25}}},"fnMap":{"0":{"name":"(anonymous_0)","decl":{"start":{"line":40,"column":10},"end":{"line":40,"column":11}},"loc":{"start":{"line":40,"column":20},"end":{"line":41,"column":63}},"line":40},"1":{"name":"(anonymous_1)","decl":{"start":{"line":42,"column":11},"end":{"line":42,"column":12}},"loc":{"start":{"line":42,"column":21},"end":{"line":45,"column":3}},"line":42},"2":{"name":"(anonymous_2)","decl":{"start":{"line":47,"column":24},"end":{"line":47,"column":25}},"loc":{"start":{"line":47,"column":39},"end":{"line":51,"column":1}},"line":47}},"branchMap":{"0":{"loc":{"start":{"line":7,"column":12},"end":{"line":7,"column":71}},"type":"cond-expr","locations":[{"start":{"line":7,"column":35},"end":{"line":7,"column":55}},{"start":{"line":7,"column":58},"end":{"line":7,"column":71}}],"line":7},"1":{"loc":{"start":{"line":14,"column":0},"end":{"line":36,"column":1}},"type":"if","locations":[{"start":{"line":14,"column":0},"end":{"line":36,"column":1}},{"start":{"line":14,"column":0},"end":{"line":36,"column":1}}],"line":14},"2":{"loc":{"start":{"line":40,"column":20},"end":{"line":41,"column":63}},"type":"binary-expr","locations":[{"start":{"line":40,"column":21},"end":{"line":40,"column":44}},{"start":{"line":41,"column":15},"end":{"line":41,"column":32}},{"start":{"line":41,"column":38},"end":{"line":41,"column":62}}],"line":40},"3":{"loc":{"start":{"line":48,"column":2},"end":{"line":50,"column":3}},"type":"if","locations":[{"start":{"line":48,"column":2},"end":{"line":50,"column":3}},{"start":{"line":48,"column":2},"end":{"line":50,"column":3}}],"line":48}},"s":{"0":1,"1":1,"2":1,"3":1,"4":1,"5":0,"6":0,"7":1,"8":1,"9":2,"10":1,"11":1,"12":1,"13":1,"14":1,"15":1,"16":1},"f":{"0":2,"1":1,"2":1},"b":{"0":[1,0],"1":[0,1],"2":[2,2,1],"3":[1,0]},"_coverageSchema":"1a1c01bbd47fc00a2c39e90264f33305004495a9","hash":"d560683c6df78b107ebaf63bc7e854202e8e5083"}
,"/home/jkadhuwa/Projects/Uninet/uninet-project-tracker-backend/src/sequelize/models/user.js": {"path":"/home/jkadhuwa/Projects/Uninet/uninet-project-tracker-backend/src/sequelize/models/user.js","statementMap":{"0":{"start":{"line":2,"column":0},"end":{"line":12,"column":2}},"1":{"start":{"line":3,"column":15},"end":{"line":6,"column":8}},"2":{"start":{"line":7,"column":2},"end":{"line":10,"column":4}},"3":{"start":{"line":11,"column":2},"end":{"line":11,"column":14}}},"fnMap":{"0":{"name":"(anonymous_0)","decl":{"start":{"line":2,"column":17},"end":{"line":2,"column":18}},"loc":{"start":{"line":2,"column":43},"end":{"line":12,"column":1}},"line":2},"1":{"name":"(anonymous_1)","decl":{"start":{"line":7,"column":19},"end":{"line":7,"column":20}},"loc":{"start":{"line":7,"column":25},"end":{"line":10,"column":3}},"line":7}},"branchMap":{},"s":{"0":1,"1":1,"2":1,"3":1},"f":{"0":1,"1":1},"b":{},"_coverageSchema":"1a1c01bbd47fc00a2c39e90264f33305004495a9","hash":"b7aad35a40408bfbdacc03a9e04b954849301e4b"}
}
