TN:
SF:src/index.js
FN:16,(anonymous_0)
FN:18,(anonymous_1)
FNF:2
FNH:0
FNDA:0,(anonymous_0)
FNDA:0,(anonymous_1)
DA:9,1
DA:11,1
DA:12,1
DA:14,1
DA:16,1
DA:17,0
DA:18,0
DA:19,0
LF:8
LH:5
BRDA:14,0,0,1
BRDA:14,0,1,0
BRF:2
BRH:1
end_of_record
TN:
SF:src/config/config.js
FNF:0
FNH:0
DA:4,1
DA:9,1
DA:10,1
LF:3
LH:3
BRF:0
BRH:0
end_of_record
TN:
SF:src/config/logging.js
FN:18,(anonymous_0)
FNF:1
FNH:1
FNDA:1,(anonymous_0)
DA:3,1
DA:18,1
DA:19,1
DA:20,1
DA:33,1
DA:34,1
LF:6
LH:6
BRDA:33,0,0,1
BRDA:33,0,1,0
BRF:2
BRH:1
end_of_record
TN:
SF:src/routes/index.js
FN:7,(anonymous_0)
FNF:1
FNH:1
FNDA:1,(anonymous_0)
DA:4,1
DA:7,1
DA:10,1
LF:3
LH:3
BRF:0
BRH:0
end_of_record
TN:
SF:src/routes/userRouter.js
FNF:0
FNH:0
DA:3,1
LF:1
LH:1
BRF:0
BRH:0
end_of_record
TN:
SF:src/sequelize/models/index.js
FN:40,(anonymous_0)
FN:42,(anonymous_1)
FN:47,(anonymous_2)
FNF:3
FNH:3
FNDA:2,(anonymous_0)
FNDA:1,(anonymous_1)
FNDA:1,(anonymous_2)
DA:6,1
DA:7,1
DA:9,1
DA:11,1
DA:14,1
DA:15,0
DA:18,0
DA:33,1
DA:38,1
DA:40,2
DA:43,1
DA:44,1
DA:47,1
DA:48,1
DA:49,1
DA:53,1
DA:54,1
LF:17
LH:15
BRDA:7,0,0,1
BRDA:7,0,1,0
BRDA:14,1,0,0
BRDA:14,1,1,1
BRDA:40,2,0,2
BRDA:40,2,1,2
BRDA:40,2,2,1
BRDA:48,3,0,1
BRDA:48,3,1,0
BRF:9
BRH:6
end_of_record
TN:
SF:src/sequelize/models/user.js
FN:2,(anonymous_0)
FN:7,(anonymous_1)
FNF:2
FNH:2
FNDA:1,(anonymous_0)
FNDA:1,(anonymous_1)
DA:2,1
DA:3,1
DA:7,1
DA:11,1
LF:4
LH:4
BRF:0
BRH:0
end_of_record
